% mean class accuracy (train set)	
 6.1429e+00	
 6.4643e+00	
 7.8571e+00	
 1.0786e+01	
 1.6393e+01	
 2.1036e+01	
 2.8429e+01	
 3.7321e+01	
 4.4143e+01	
 5.0893e+01	
 5.6250e+01	
 6.1000e+01	
 6.2893e+01	
 6.6500e+01	
 6.9143e+01	
 7.1679e+01	
 7.2321e+01	
 7.5179e+01	
 7.6429e+01	
 7.7393e+01	
 8.0321e+01	
 7.9107e+01	
 8.1107e+01	
 8.1929e+01	
 8.0714e+01	
 8.1536e+01	
 8.2250e+01	
 8.4643e+01	
 8.3571e+01	
 8.3500e+01	
 8.4536e+01	
 8.5464e+01	
 8.4929e+01	
 8.4357e+01	
 8.5321e+01	
 8.5357e+01	
 8.5286e+01	
 8.5643e+01	
 8.6500e+01	
 8.6607e+01	
 8.6357e+01	
 8.6821e+01	
 8.7179e+01	
 8.7143e+01	
 8.6929e+01	
 8.7179e+01	
 8.7214e+01	
 8.7714e+01	
 8.7500e+01	
 8.8107e+01	
 8.7679e+01	
 8.9071e+01	
 8.8536e+01	
 8.8143e+01	
 8.8429e+01	
 8.8464e+01	
 8.8357e+01	
 8.8357e+01	
 8.8107e+01	
 8.8321e+01	
 8.8750e+01	
 8.8786e+01	
 8.9214e+01	
 8.8893e+01	
 8.9964e+01	
 8.9964e+01	
 8.9536e+01	
 8.9536e+01	
 8.9964e+01	
 8.9821e+01	
 8.8714e+01	
 8.9464e+01	
 8.9179e+01	
 8.9964e+01	
 8.8821e+01	
 9.0179e+01	
 8.9821e+01	
 8.9893e+01	
 8.9821e+01	
 9.0107e+01	
 9.0143e+01	
 8.9571e+01	
 8.9321e+01	
 9.0393e+01	
 9.0000e+01	
 9.0179e+01	
 9.0071e+01	
 8.9607e+01	
 8.9714e+01	
 9.0786e+01	
 8.9679e+01	
 9.0607e+01	
 9.0071e+01	
 9.0107e+01	
 9.0571e+01	
 9.0214e+01	
 9.0107e+01	
 9.0357e+01	
 9.0857e+01	
 9.0679e+01	
 9.0821e+01	
 9.0536e+01	
 9.0357e+01	
 9.0429e+01	
 9.0107e+01	
 9.0786e+01	
 9.0071e+01	
 9.0643e+01	
 9.0679e+01	
 9.0607e+01	
 9.0821e+01	
 8.9679e+01	
 9.1214e+01	
 9.0821e+01	
 9.0821e+01	
 8.9929e+01	
 9.0500e+01	
 9.0964e+01	
 8.9536e+01	
 9.0750e+01	
 9.1464e+01	
 9.0964e+01	
 9.1000e+01	
 9.0250e+01	
 9.1214e+01	
 9.1179e+01	
 9.1393e+01	
 9.1179e+01	
 9.0929e+01	
 9.0929e+01	
 9.0750e+01	
 9.0214e+01	
 8.9893e+01	
 9.0393e+01	
 9.0750e+01	
 9.1036e+01	
 9.1036e+01	
 9.0571e+01	
 9.0464e+01	
 9.1179e+01	
 9.1964e+01	
 9.1679e+01	
 9.2214e+01	
 9.1821e+01	
 9.1214e+01	
 9.2464e+01	
 9.1964e+01	
 9.2321e+01	
 9.1857e+01	
 9.2214e+01	
 9.2107e+01	
 9.2071e+01	
 9.2500e+01	
 9.1964e+01	
 9.0893e+01	
 9.1857e+01	
 9.2321e+01	
 9.0786e+01	
 9.1964e+01	
 9.1821e+01	
 9.1714e+01	
 9.2393e+01	
 9.2321e+01	
 9.2536e+01	
 9.2107e+01	
 9.1786e+01	
 9.2321e+01	
 9.1964e+01	
 9.2464e+01	
 9.2500e+01	
 9.2393e+01	
 9.2393e+01	
 9.2071e+01	
 9.2821e+01	
 9.2607e+01	
 9.2750e+01	
 9.2607e+01	
 9.2714e+01	
 9.3393e+01	
 9.2571e+01	
