% mean class accuracy (train set)	
 1.1250e+01	
 1.0938e+01	
 1.1688e+01	
 1.4875e+01	
 1.8688e+01	
 2.2062e+01	
 2.2312e+01	
 2.2125e+01	
 2.4562e+01	
 3.0000e+01	
 3.2625e+01	
 3.6062e+01	
 3.7062e+01	
 3.9438e+01	
 4.1938e+01	
 4.6438e+01	
 4.7188e+01	
 4.7562e+01	
 4.9062e+01	
 5.0625e+01	
 5.3250e+01	
 5.2938e+01	
 5.1875e+01	
 5.4125e+01	
 5.4875e+01	
 5.5437e+01	
 5.5750e+01	
 5.6812e+01	
 5.7688e+01	
 5.6812e+01	
 5.8062e+01	
 5.9562e+01	
 6.0625e+01	
 6.1687e+01	
 6.1625e+01	
 6.2438e+01	
 6.3750e+01	
 6.4500e+01	
 6.5938e+01	
 6.6625e+01	
 6.7250e+01	
 6.9125e+01	
 6.9438e+01	
 6.9188e+01	
 6.9875e+01	
 7.1000e+01	
 7.2250e+01	
 7.1438e+01	
 7.1625e+01	
 7.2875e+01	
 7.3125e+01	
 7.3812e+01	
 7.4438e+01	
 7.4938e+01	
 7.5562e+01	
 7.6250e+01	
 7.5625e+01	
 7.6750e+01	
 7.8188e+01	
 7.7750e+01	
 7.8250e+01	
 7.7562e+01	
 7.8938e+01	
 7.9438e+01	
 7.9188e+01	
 8.0625e+01	
 8.0500e+01	
 8.0062e+01	
 8.0250e+01	
 7.9250e+01	
 8.1375e+01	
 8.1062e+01	
 8.2250e+01	
 8.2062e+01	
 8.2438e+01	
 8.2062e+01	
 8.2062e+01	
 8.1438e+01	
 8.1000e+01	
 8.2000e+01	
 8.2562e+01	
 8.3438e+01	
 8.3375e+01	
 8.4625e+01	
 8.3500e+01	
 8.3562e+01	
 8.4500e+01	
 8.4312e+01	
 8.4750e+01	
 8.4500e+01	
 8.3688e+01	
 8.3938e+01	
 8.4938e+01	
 8.5562e+01	
 8.5375e+01	
 8.4250e+01	
 8.5625e+01	
 8.6125e+01	
 8.6562e+01	
 8.7000e+01	
 8.6562e+01	
 8.6812e+01	
 8.8188e+01	
 8.8000e+01	
 8.7188e+01	
 8.7688e+01	
 8.6438e+01	
 8.6250e+01	
 8.6875e+01	
 8.7938e+01	
 8.8250e+01	
 8.8938e+01	
 8.9000e+01	
 8.8375e+01	
 8.7812e+01	
 8.8688e+01	
 8.9125e+01	
 8.7375e+01	
 8.8125e+01	
 8.8500e+01	
 8.9625e+01	
 8.8750e+01	
 9.0438e+01	
 9.0062e+01	
 8.9625e+01	
 9.0938e+01	
 9.0062e+01	
 8.8375e+01	
 8.8062e+01	
 8.9125e+01	
 9.0812e+01	
 9.1000e+01	
 9.0562e+01	
 9.0562e+01	
 9.0500e+01	
 9.0125e+01	
 9.0000e+01	
 9.1812e+01	
 9.0000e+01	
 9.1062e+01	
 9.1938e+01	
 9.1625e+01	
 9.1250e+01	
 9.1188e+01	
 9.1125e+01	
 9.2062e+01	
 9.2062e+01	
 9.0688e+01	
 9.1062e+01	
 9.1625e+01	
 9.2000e+01	
 9.2312e+01	
 9.2812e+01	
 9.2188e+01	
 9.2438e+01	
 9.2625e+01	
 9.2438e+01	
 9.2500e+01	
 9.2062e+01	
 9.2375e+01	
 9.3188e+01	
 9.2312e+01	
 9.3812e+01	
 9.3625e+01	
 9.2562e+01	
 9.2938e+01	
 9.3250e+01	
 9.2938e+01	
 9.3125e+01	
 9.3500e+01	
 9.3375e+01	
 9.3625e+01	
 9.2750e+01	
 9.3188e+01	
 9.3000e+01	
 9.2812e+01	
 9.3562e+01	
 9.2500e+01	
 9.2625e+01	
 9.3438e+01	
 9.2938e+01	
 9.3562e+01	
 9.4438e+01	
 9.3250e+01	
 9.4062e+01	
 9.3375e+01	
 9.3375e+01	
 9.4562e+01	
 9.4562e+01	
 9.6125e+01	
 9.3188e+01	
 9.3250e+01	
 9.3062e+01	
 9.3812e+01	
 9.3625e+01	
 9.4312e+01	
 9.3188e+01	
 9.4125e+01	
 9.3875e+01	
 9.4750e+01	
 9.3750e+01	
 9.4188e+01	
 9.3688e+01	
 9.3312e+01	
 9.3188e+01	
 9.3875e+01	
 9.4438e+01	
 9.3938e+01	
 9.4812e+01	
 9.4312e+01	
 9.4438e+01	
 9.4625e+01	
 9.4688e+01	
 9.4938e+01	
 9.4500e+01	
 9.4750e+01	
 9.4250e+01	
 9.4938e+01	
 9.4562e+01	
 9.4438e+01	
 9.5438e+01	
 9.4875e+01	
 9.4562e+01	
 9.4438e+01	
 9.4938e+01	
 9.5250e+01	
 9.4000e+01	
 9.4938e+01	
 9.3875e+01	
 9.3250e+01	
 9.5250e+01	
 9.4875e+01	
 9.5312e+01	
 9.5188e+01	
 9.3125e+01	
 9.3812e+01	
 9.5312e+01	
 9.5500e+01	
 9.5938e+01	
 9.5188e+01	
 9.5875e+01	
 9.5500e+01	
 9.5750e+01	
 9.4812e+01	
 9.5500e+01	
 9.4688e+01	
 9.4688e+01	
 9.4812e+01	
 9.5438e+01	
 9.5938e+01	
 9.5688e+01	
 9.5125e+01	
 9.5500e+01	
 9.6062e+01	
 9.6000e+01	
 9.6312e+01	
 9.6062e+01	
 9.5438e+01	
 9.4625e+01	
 9.6000e+01	
 9.6312e+01	
 9.5375e+01	
 9.6562e+01	
 9.5250e+01	
 9.5688e+01	
 9.5625e+01	
 9.6312e+01	
 9.6688e+01	
 9.5938e+01	
 9.6438e+01	
 9.6312e+01	
 9.6688e+01	
 9.5188e+01	
 9.6250e+01	
 9.6000e+01	
 9.6188e+01	
 9.6000e+01	
 9.5750e+01	
 9.5750e+01	
 9.4812e+01	
 9.6125e+01	
 9.6188e+01	
 9.6000e+01	
 9.6188e+01	
 9.5875e+01	
 9.6188e+01	
 9.6000e+01	
 9.6312e+01	
 9.5938e+01	
 9.5688e+01	
 9.5312e+01	
 9.6062e+01	
 9.5750e+01	
 9.5750e+01	
 9.6938e+01	
 9.6938e+01	
 9.5750e+01	
 9.6062e+01	
 9.5875e+01	
 9.6562e+01	
 9.6250e+01	
 9.5875e+01	
 9.5750e+01	
 9.5812e+01	
 9.6438e+01	
 9.5562e+01	
 9.4625e+01	
 9.6062e+01	
 9.5750e+01	
 9.6938e+01	
 9.5750e+01	
 9.6125e+01	
 9.6625e+01	
 9.6062e+01	
 9.7250e+01	
 9.6562e+01	
 9.6688e+01	
 9.6312e+01	
 9.7062e+01	
 9.6562e+01	
 9.7688e+01	
 9.6500e+01	
 9.6375e+01	
 9.6688e+01	
 9.6688e+01	
 9.6688e+01	
 9.6500e+01	
 9.7312e+01	
 9.6750e+01	
 9.6875e+01	
 9.6750e+01	
 9.6812e+01	
 9.7250e+01	
 9.7188e+01	
 9.6938e+01	
 9.6688e+01	
 9.5875e+01	
 9.6750e+01	
 9.7375e+01	
 9.6125e+01	
 9.7125e+01	
 9.6500e+01	
 9.5688e+01	
 9.6375e+01	
 9.6375e+01	
 9.6688e+01	
 9.6562e+01	
 9.7250e+01	
 9.5938e+01	
 9.7625e+01	
 9.7625e+01	
 9.7125e+01	
 9.7250e+01	
 9.6875e+01	
 9.7250e+01	
 9.7312e+01	
 9.6688e+01	
 9.7750e+01	
 9.7375e+01	
 9.6562e+01	
 9.7250e+01	
 9.7000e+01	
 9.7188e+01	
 9.6938e+01	
 9.7688e+01	
 9.7188e+01	
 9.6875e+01	
 9.8000e+01	
 9.7500e+01	
 9.7188e+01	
 9.6438e+01	
 9.7688e+01	
 9.7375e+01	
 9.7062e+01	
 9.7375e+01	
 9.7062e+01	
 9.7312e+01	
 9.6375e+01	
 9.7375e+01	
 9.7000e+01	
 9.7625e+01	
 9.7250e+01	
 9.6000e+01	
 9.7188e+01	
 9.6688e+01	
 9.6250e+01	
 9.7438e+01	
 9.7062e+01	
 9.7875e+01	
 9.7812e+01	
 9.7750e+01	
 9.7500e+01	
 9.7250e+01	
 9.8062e+01	
 9.7375e+01	
 9.7125e+01	
 9.7438e+01	
 9.7438e+01	
 9.7688e+01	
 9.7188e+01	
 9.6312e+01	
 9.7062e+01	
 9.7688e+01	
 9.7312e+01	
 9.7812e+01	
 9.7688e+01	
 9.7812e+01	
 9.7000e+01	
 9.7812e+01	
 9.7688e+01	
 9.7500e+01	
 9.7250e+01	
 9.7688e+01	
 9.7688e+01	
 9.7188e+01	
 9.7375e+01	
 9.7125e+01	
 9.6938e+01	
 9.7562e+01	
 9.7312e+01	
 9.8125e+01	
 9.8062e+01	
 9.8000e+01	
 9.8062e+01	
 9.8312e+01	
 9.6875e+01	
 9.8062e+01	
 9.8188e+01	
 9.8438e+01	
 9.7875e+01	
 9.7562e+01	
 9.7812e+01	
 9.8438e+01	
 9.7438e+01	
 9.7750e+01	
 9.6625e+01	
 9.8250e+01	
 9.8250e+01	
 9.7812e+01	
 9.8062e+01	
 9.7250e+01	
 9.7875e+01	
 9.7125e+01	
 9.7000e+01	
 9.6562e+01	
 9.7062e+01	
 9.7812e+01	
 9.7875e+01	
 9.8062e+01	
 9.7812e+01	
 9.8562e+01	
 9.7688e+01	
 9.8000e+01	
 9.7250e+01	
 9.8000e+01	
 9.7312e+01	
 9.6938e+01	
 9.7812e+01	
 9.7500e+01	
 9.7250e+01	
 9.7625e+01	
 9.7688e+01	
 9.6562e+01	
 9.6625e+01	
 9.6938e+01	
 9.7625e+01	
 9.7500e+01	
 9.7250e+01	
 9.7188e+01	
 9.7562e+01	
 9.7125e+01	
 9.7438e+01	
 9.7938e+01	
 9.7812e+01	
 9.7750e+01	
 9.7562e+01	
 9.7250e+01	
 9.6750e+01	
 9.7750e+01	
 9.7062e+01	
 9.7938e+01	
 9.7812e+01	
 9.8250e+01	
 9.7875e+01	
 9.6812e+01	
 9.7312e+01	
 9.7500e+01	
 9.7062e+01	
 9.7938e+01	
 9.7375e+01	
 9.8312e+01	
 9.8188e+01	
 9.8312e+01	
 9.8750e+01	
 9.8562e+01	
 9.8062e+01	
 9.8375e+01	
 9.8500e+01	
 9.8625e+01	
 9.8125e+01	
 9.8750e+01	
 9.8312e+01	
 9.8375e+01	
 9.7812e+01	
 9.8062e+01	
 9.7875e+01	
 9.8250e+01	
 9.8812e+01	
 9.8500e+01	
 9.8500e+01	
 9.7500e+01	
 9.8375e+01	
 9.8500e+01	
 9.8438e+01	
 9.8000e+01	
 9.8188e+01	
 9.7125e+01	
 9.7625e+01	
 9.8000e+01	
 9.8375e+01	
 9.5938e+01	
 9.4438e+01	
 9.1812e+01	
 9.3688e+01	
 9.3688e+01	
 9.5938e+01	
 9.6750e+01	
 9.7250e+01	
 9.7250e+01	
 9.7250e+01	
 9.6562e+01	
 9.8375e+01	
 9.8125e+01	
 9.7562e+01	
 9.8375e+01	
 9.7812e+01	
 9.8812e+01	
 9.8875e+01	
 9.8250e+01	
 9.8500e+01	
 9.8375e+01	
 9.7375e+01	
 9.7562e+01	
 9.7938e+01	
 9.8250e+01	
 9.9188e+01	
 9.8562e+01	
 9.7750e+01	
 9.8438e+01	
 9.8188e+01	
 9.7875e+01	
 9.7625e+01	
 9.8500e+01	
 9.7750e+01	
 9.8500e+01	
 9.8500e+01	
 9.8500e+01	
 9.8438e+01	
 9.8500e+01	
 9.8250e+01	
 9.8500e+01	
 9.8500e+01	
 9.8250e+01	
 9.8062e+01	
 9.8125e+01	
 9.8062e+01	
 9.7812e+01	
 9.8875e+01	
 9.8500e+01	
 9.8250e+01	
 9.8375e+01	
 9.8438e+01	
 9.8812e+01	
 9.8188e+01	
 9.8438e+01	
 9.8375e+01	
 9.9438e+01	
 9.9062e+01	
 9.9000e+01	
 9.8625e+01	
 9.8375e+01	
 9.8375e+01	
 9.8375e+01	
 9.8562e+01	
 9.8500e+01	
 9.8438e+01	
 9.8562e+01	
 9.8188e+01	
 9.8000e+01	
 9.8188e+01	
 9.7562e+01	
 9.8125e+01	
 9.8562e+01	
 9.8938e+01	
 9.8375e+01	
 9.8562e+01	
 9.8312e+01	
 9.8125e+01	
 9.8375e+01	
 9.8688e+01	
 9.8750e+01	
 9.8938e+01	
 9.8750e+01	
 9.8812e+01	
 9.8438e+01	
 9.8875e+01	
 9.7875e+01	
 9.8812e+01	
 9.8688e+01	
 9.8562e+01	
 9.8375e+01	
 9.8688e+01	
 9.8312e+01	
 9.8562e+01	
 9.9125e+01	
 9.9000e+01	
 9.8812e+01	
 9.9000e+01	
 9.8562e+01	
 9.8625e+01	
 9.8750e+01	
 9.9000e+01	
 9.8625e+01	
 9.9000e+01	
 9.9062e+01	
 9.8438e+01	
 9.8562e+01	
 9.7750e+01	
 9.8062e+01	
 9.8250e+01	
 9.8438e+01	
 9.7938e+01	
 9.7625e+01	
 9.7688e+01	
 9.8250e+01	
 9.8688e+01	
 9.8750e+01	
 9.8312e+01	
 9.8438e+01	
 9.7812e+01	
 9.8062e+01	
 9.7938e+01	
 9.8812e+01	
 9.8312e+01	
 9.8250e+01	
 9.8250e+01	
 9.8750e+01	
 9.8812e+01	
 9.8875e+01	
 9.8875e+01	
 9.8688e+01	
 9.8500e+01	
 9.9125e+01	
 9.9188e+01	
 9.9312e+01	
 9.8875e+01	
 9.8688e+01	
 9.8438e+01	
 9.9125e+01	
 9.9062e+01	
 9.8625e+01	
 9.9312e+01	
 9.8500e+01	
 9.9312e+01	
 9.8438e+01	
 9.8688e+01	
 9.8625e+01	
 9.8438e+01	
 9.8875e+01	
 9.8562e+01	
 9.8562e+01	
 9.8562e+01	
 9.8812e+01	
 9.8688e+01	
 9.8125e+01	
 9.8188e+01	
 9.8375e+01	
 9.7562e+01	
 9.7438e+01	
 9.7375e+01	
 9.7938e+01	
 9.8250e+01	
 9.8062e+01	
 9.7500e+01	
 9.7938e+01	
 9.8375e+01	
 9.8500e+01	
 9.8625e+01	
 9.8625e+01	
 9.7375e+01	
 9.8250e+01	
 9.7812e+01	
 9.8438e+01	
 9.8562e+01	
 9.8625e+01	
 9.8250e+01	
 9.8562e+01	
 9.8812e+01	
 9.8062e+01	
 9.8688e+01	
 9.9062e+01	
 9.9188e+01	
 9.9062e+01	
 9.9188e+01	
 9.8500e+01	
 9.9250e+01	
 9.9062e+01	
 9.8750e+01	
 9.9000e+01	
 9.9125e+01	
 9.9188e+01	
 9.9062e+01	
 9.8688e+01	
 9.9062e+01	
 9.8688e+01	
 9.8688e+01	
 9.8812e+01	
 9.8750e+01	
 9.8750e+01	
 9.8938e+01	
 9.8625e+01	
 9.8375e+01	
 9.9125e+01	
 9.8625e+01	
 9.9062e+01	
 9.8812e+01	
 9.9312e+01	
 9.9125e+01	
 9.9500e+01	
 9.8625e+01	
 9.8312e+01	
 9.8250e+01	
 9.8938e+01	
 9.8562e+01	
 9.8562e+01	
 9.8500e+01	
 9.8875e+01	
 9.8812e+01	
 9.8875e+01	
 9.8688e+01	
 9.8375e+01	
 9.8312e+01	
 9.8812e+01	
 9.8625e+01	
 9.8438e+01	
 9.9188e+01	
 9.8938e+01	
 9.9250e+01	
 9.8875e+01	
 9.7938e+01	
 9.7938e+01	
 9.8000e+01	
 9.7812e+01	
 9.8500e+01	
 9.9000e+01	
 9.8812e+01	
 9.8938e+01	
 9.8812e+01	
 9.9125e+01	
 9.9062e+01	
 9.9062e+01	
 9.8688e+01	
 9.9062e+01	
 9.8938e+01	
 9.9188e+01	
 9.8812e+01	
 9.8188e+01	
 9.8562e+01	
 9.7250e+01	
 9.8312e+01	
 9.7312e+01	
 9.6375e+01	
 9.6375e+01	
 9.8188e+01	
 9.8062e+01	
 9.8375e+01	
 9.8375e+01	
 9.8562e+01	
 9.9000e+01	
 9.8562e+01	
 9.8875e+01	
 9.8562e+01	
 9.9062e+01	
 9.8688e+01	
 9.8562e+01	
 9.8625e+01	
 9.8562e+01	
 9.8312e+01	
 9.8250e+01	
 9.8812e+01	
 9.8812e+01	
 9.8688e+01	
 9.9125e+01	
 9.9125e+01	
 9.9062e+01	
 9.8688e+01	
 9.9062e+01	
 9.8688e+01	
 9.8812e+01	
 9.8500e+01	
 9.8688e+01	
 9.9062e+01	
 9.8875e+01	
 9.9188e+01	
 9.8750e+01	
 9.9375e+01	
 9.9250e+01	
 9.9188e+01	
 9.9188e+01	
 9.9125e+01	
 9.9125e+01	
 9.9188e+01	
 9.9000e+01	
 9.8375e+01	
 9.8688e+01	
 9.8875e+01	
 9.9312e+01	
 9.9562e+01	
 9.9250e+01	
 9.9125e+01	
 9.9438e+01	
 9.8812e+01	
 9.8750e+01	
 9.8312e+01	
 9.8500e+01	
 9.8625e+01	
 9.8250e+01	
 9.8375e+01	
 9.8438e+01	
 9.8688e+01	
 9.9188e+01	
 9.9000e+01	
 9.9062e+01	
 9.8750e+01	
 9.8812e+01	
 9.8500e+01	
 9.8562e+01	
 9.8938e+01	
 9.9125e+01	
 9.9250e+01	
 9.9375e+01	
 9.8938e+01	
 9.8375e+01	
 9.8438e+01	
 9.7625e+01	
 9.8500e+01	
 9.8938e+01	
 9.8812e+01	
 9.9125e+01	
 9.8812e+01	
 9.9188e+01	
 9.9438e+01	
 9.9500e+01	
 9.9312e+01	
 9.9438e+01	
 9.9062e+01	
 9.9188e+01	
 9.9312e+01	
 9.9188e+01	
 9.9188e+01	
 9.9250e+01	
 9.9312e+01	
 9.9312e+01	
 9.9000e+01	
 9.7812e+01	
 9.8062e+01	
 9.8375e+01	
 9.7938e+01	
 9.8312e+01	
 9.9000e+01	
 9.8812e+01	
 9.8625e+01	
 9.8812e+01	
 9.8625e+01	
 9.9125e+01	
 9.9000e+01	
 9.9250e+01	
 9.8625e+01	
 9.8688e+01	
 9.8812e+01	
 9.8812e+01	
 9.8188e+01	
 9.8875e+01	
 9.8500e+01	
 9.9375e+01	
 9.9000e+01	
 9.8938e+01	
 9.9375e+01	
 9.9062e+01	
 9.9312e+01	
 9.9125e+01	
 9.9062e+01	
 9.9625e+01	
 9.9125e+01	
 9.9188e+01	
 9.8125e+01	
 9.9125e+01	
 9.9062e+01	
 9.9125e+01	
 9.9312e+01	
 9.9000e+01	
 9.9438e+01	
 9.9375e+01	
 9.9375e+01	
 9.9188e+01	
 9.9312e+01	
 9.8938e+01	
 9.9500e+01	
 9.9188e+01	
 9.8625e+01	
 9.8500e+01	
 9.8812e+01	
 9.8438e+01	
 9.9000e+01	
 9.8438e+01	
 9.8438e+01	
 9.8250e+01	
 9.8750e+01	
 9.9000e+01	
 9.8750e+01	
 9.9062e+01	
 9.8812e+01	
 9.9250e+01	
 9.8750e+01	
 9.8875e+01	
 9.9312e+01	
 9.9188e+01	
 9.9188e+01	
 9.9062e+01	
 9.9000e+01	
 9.9250e+01	
 9.9000e+01	
 9.9188e+01	
 9.9375e+01	
 9.9500e+01	
 9.9438e+01	
 9.9312e+01	
 9.9062e+01	
 9.9438e+01	
 9.9562e+01	
 9.9438e+01	
 9.8812e+01	
 9.9188e+01	
 9.8875e+01	
 9.9000e+01	
 9.8500e+01	
 9.8875e+01	
 9.8750e+01	
 9.9188e+01	
 9.9250e+01	
 9.8812e+01	
 9.8875e+01	
 9.8500e+01	
 9.8812e+01	
 9.9188e+01	
 9.9125e+01	
 9.8500e+01	
 9.8750e+01	
 9.9188e+01	
 9.9188e+01	
 9.9188e+01	
 9.8375e+01	
 9.9062e+01	
 9.9188e+01	
 9.9125e+01	
 9.9250e+01	
 9.9562e+01	
 9.9000e+01	
 9.8750e+01	
 9.8812e+01	
 9.9250e+01	
 9.8688e+01	
 9.9062e+01	
 9.9125e+01	
 9.9312e+01	
 9.9188e+01	
 9.9250e+01	
 9.9375e+01	
 9.9625e+01	
 9.9125e+01	
 9.9312e+01	
 9.9250e+01	
 9.9562e+01	
 9.9188e+01	
 9.9375e+01	
 9.8312e+01	
 9.8500e+01	
 9.8000e+01	
 9.8375e+01	
 9.8812e+01	
 9.8812e+01	
 9.9000e+01	
 9.8812e+01	
 9.8938e+01	
 9.8688e+01	
 9.9312e+01	
 9.8750e+01	
 9.8625e+01	
 9.8875e+01	
 9.8875e+01	
 9.9312e+01	
 9.9000e+01	
 9.9125e+01	
 9.9438e+01	
 9.9312e+01	
 9.9250e+01	
 9.9562e+01	
 9.8938e+01	
 9.8875e+01	
 9.9562e+01	
 9.9375e+01	
 9.9312e+01	
 9.9250e+01	
 9.9250e+01	
 9.8750e+01	
 9.9375e+01	
 9.9312e+01	
 9.9312e+01	
 9.9625e+01	
 9.9625e+01	
 9.9375e+01	
 9.9312e+01	
 9.9438e+01	
 9.9062e+01	
 9.9438e+01	
 9.9438e+01	
 9.9375e+01	
 9.9500e+01	
 9.9250e+01	
 9.9188e+01	
 9.9500e+01	
 9.8938e+01	
 9.9375e+01	
 9.9062e+01	
 9.9125e+01	
 9.9375e+01	
 9.9188e+01	
 9.9250e+01	
 9.9062e+01	
 9.8938e+01	
 9.8125e+01	
 9.7750e+01	
 9.9000e+01	
 9.9188e+01	
 9.8812e+01	
 9.8750e+01	
 9.9438e+01	
 9.9250e+01	
 9.9375e+01	
 9.8938e+01	
 9.9312e+01	
 9.8938e+01	
 9.9125e+01	
 9.9438e+01	
 9.9500e+01	
 9.8750e+01	
 9.9125e+01	
 9.9188e+01	
 9.9125e+01	
 9.8750e+01	
 9.8812e+01	
 9.5062e+01	
 9.3188e+01	
 9.3500e+01	
 9.4938e+01	
 9.5688e+01	
 9.5938e+01	
 9.7062e+01	
 9.7500e+01	
 9.8188e+01	
 9.8062e+01	
 9.8375e+01	
 9.8062e+01	
 9.7750e+01	
 9.8875e+01	
 9.8312e+01	
 9.8812e+01	
 9.8625e+01	
 9.8812e+01	
 9.9250e+01	
 9.8625e+01	
 9.8750e+01	
 9.8688e+01	
 9.9250e+01	
 9.9000e+01	
 9.8750e+01	
 9.8938e+01	
 9.8875e+01	
 9.9250e+01	
 9.9312e+01	
 9.9125e+01	
 9.9500e+01	
 9.9188e+01	
 9.9188e+01	
 9.9562e+01	
 9.9250e+01	
 9.9625e+01	
 9.9312e+01	
 9.9438e+01	
 9.9125e+01	
 9.9062e+01	
 9.8938e+01	
 9.7875e+01	
 9.7688e+01	
 9.7812e+01	
 9.8875e+01	
 9.8688e+01	
 9.8500e+01	
 9.8562e+01	
 9.9000e+01	
 9.8750e+01	
 9.9375e+01	
 9.9312e+01	
 9.9062e+01	
 9.9375e+01	
 9.9062e+01	
 9.9375e+01	
 9.9312e+01	
 9.9125e+01	
 9.9125e+01	
 9.9562e+01	
 9.9562e+01	
 9.9562e+01	
 9.9250e+01	
 9.9312e+01	
 9.9375e+01	
 9.9000e+01	
 9.9062e+01	
 9.9125e+01	
 9.9062e+01	
 9.8688e+01	
 9.9062e+01	
 9.9312e+01	
 9.9562e+01	
 9.9125e+01	
 9.9250e+01	
 9.9312e+01	
 9.9562e+01	
 9.9562e+01	
 9.9250e+01	
 9.8938e+01	
 9.9312e+01	
 9.9250e+01	
 9.9250e+01	
 9.9312e+01	
 9.9125e+01	
 9.8750e+01	
 9.8812e+01	
 9.9312e+01	
 9.9312e+01	
 9.9750e+01	
 9.9438e+01	
 9.9375e+01	
 9.9438e+01	
 9.9562e+01	
 9.9000e+01	
 9.9500e+01	
 9.8812e+01	
 9.8688e+01	
 9.8312e+01	
 9.8500e+01	
 9.8938e+01	
 9.9312e+01	
 9.9250e+01	
 9.9250e+01	
 9.9250e+01	
 9.8875e+01	
 9.9375e+01	
 9.9312e+01	
 9.9188e+01	
 9.9500e+01	
 9.9500e+01	
 9.9375e+01	
 9.9625e+01	
 9.9500e+01	
 9.9688e+01	
 9.9562e+01	
 9.9562e+01	
 9.9125e+01	
 9.9250e+01	
 9.9125e+01	
 9.9312e+01	
 9.9312e+01	
 9.9312e+01	
 9.9875e+01	
 9.9500e+01	
 9.9688e+01	
 9.9375e+01	
 9.9688e+01	
 9.9312e+01	
 9.9500e+01	
 9.9438e+01	
 9.9062e+01	
 9.9438e+01	
 9.9375e+01	
 9.9312e+01	
 9.9375e+01	
 9.9750e+01	
 9.9500e+01	
 9.9188e+01	
 9.9000e+01	
 9.7812e+01	
 9.8875e+01	
 9.8625e+01	
 9.8625e+01	
 9.8875e+01	
 9.9125e+01	
 9.9062e+01	
 9.8938e+01	
 9.9500e+01	
 9.9062e+01	
 9.8875e+01	
 9.9375e+01	
 9.9312e+01	
 9.9250e+01	
